{"C:\\Users\\Lenovo\\Desktop\\Bale Camp\\bootcamp-ehsan-ahmadpoor\\front\\exercises\\javascript\\promise\\10.ts": {"path":"C:\\Users\\Lenovo\\Desktop\\Bale Camp\\bootcamp-ehsan-ahmadpoor\\front\\exercises\\javascript\\promise\\10.ts","statementMap":{"0":{"start":{"line":6,"column":2},"end":{"line":13,"column":9}},"1":{"start":{"line":7,"column":16},"end":{"line":7,"column":37}},"2":{"start":{"line":8,"column":4},"end":{"line":10,"column":5}},"3":{"start":{"line":9,"column":6},"end":{"line":9,"column":28}},"4":{"start":{"line":11,"column":4},"end":{"line":11,"column":39}},"5":{"start":{"line":12,"column":4},"end":{"line":12,"column":23}},"6":{"start":{"line":17,"column":13},"end":{"line":21,"column":1}},"7":{"start":{"line":23,"column":21},"end":{"line":23,"column":63}},"8":{"start":{"line":23,"column":43},"end":{"line":23,"column":62}},"9":{"start":{"line":24,"column":0},"end":{"line":24,"column":26}}},"fnMap":{"0":{"name":"groupBy","decl":{"start":{"line":5,"column":16},"end":{"line":5,"column":23}},"loc":{"start":{"line":5,"column":82},"end":{"line":14,"column":1}},"line":5},"1":{"name":"(anonymous_1)","decl":{"start":{"line":6,"column":22},"end":{"line":6,"column":23}},"loc":{"start":{"line":6,"column":67},"end":{"line":13,"column":3}},"line":6},"2":{"name":"(anonymous_2)","decl":{"start":{"line":23,"column":35},"end":{"line":23,"column":36}},"loc":{"start":{"line":23,"column":43},"end":{"line":23,"column":62}},"line":23}},"branchMap":{"0":{"loc":{"start":{"line":8,"column":4},"end":{"line":10,"column":5}},"type":"if","locations":[{"start":{"line":8,"column":4},"end":{"line":10,"column":5}},{"start":{},"end":{}}],"line":8}},"s":{"0":3,"1":12,"2":12,"3":6,"4":12,"5":12,"6":1,"7":1,"8":3,"9":1},"f":{"0":3,"1":12,"2":3},"b":{"0":[6,6]},"_coverageSchema":"1a1c01bbd47fc00a2c39e90264f33305004495a9","hash":"b8a2dcaac601a8c51210b9001145cf24fd38b7c7"}
}
